2025-06-03 12:22:05,302 INFO o.a.j.u.JMeterUtils: Setting Locale to zh_CN
2025-06-03 12:22:05,323 INFO o.a.j.JMeter: Loading user properties from: D:\tools\apache-jmeter-5.6.3\bin\user.properties
2025-06-03 12:22:05,323 INFO o.a.j.JMeter: Loading system properties from: D:\tools\apache-jmeter-5.6.3\bin\system.properties
2025-06-03 12:22:05,323 INFO o.a.j.JMeter: Setting JMeter property: base=.url=http://localhost:5000
2025-06-03 12:22:05,331 INFO o.a.j.JMeter: Copyright (c) 1998-2024 The Apache Software Foundation
2025-06-03 12:22:05,332 INFO o.a.j.JMeter: Version 5.6.3
2025-06-03 12:22:05,332 INFO o.a.j.JMeter: java.version=1.8.0_31
2025-06-03 12:22:05,332 INFO o.a.j.JMeter: java.vm.name=Java HotSpot(TM) Client VM
2025-06-03 12:22:05,332 INFO o.a.j.JMeter: os.name=Windows 8.1
2025-06-03 12:22:05,332 INFO o.a.j.JMeter: os.arch=x86
2025-06-03 12:22:05,332 INFO o.a.j.JMeter: os.version=6.3
2025-06-03 12:22:05,332 INFO o.a.j.JMeter: file.encoding=GBK
2025-06-03 12:22:05,332 INFO o.a.j.JMeter: java.awt.headless=true
2025-06-03 12:22:05,332 INFO o.a.j.JMeter: Max memory     =1073741824
2025-06-03 12:22:05,332 INFO o.a.j.JMeter: Available Processors =8
2025-06-03 12:22:05,338 INFO o.a.j.JMeter: Default Locale=English (EN)
2025-06-03 12:22:05,338 INFO o.a.j.JMeter: JMeter  Locale=Chinese (China)
2025-06-03 12:22:05,338 INFO o.a.j.JMeter: JMeterHome=D:\tools\apache-jmeter-5.6.3
2025-06-03 12:22:05,338 INFO o.a.j.JMeter: user.dir  =D:\米帝信息科技\病种库相关\BZK_NEW\项目文档\03-测试文档
2025-06-03 12:22:05,338 INFO o.a.j.JMeter: PWD       =D:\米帝信息科技\病种库相关\BZK_NEW\项目文档\03-测试文档
2025-06-03 12:22:05,343 INFO o.a.j.JMeter: IP: 192.168.0.101 Name: HUAWEI-SXM FullName: HUAWEI-SXM
2025-06-03 12:22:05,366 INFO o.a.j.JMeter: Setting property 'jmeter.reportgenerator.outputdir' to:'D:\米帝信息科技\病种库相关\BZK_NEW\项目文档\03-测试文档\TestResults\JMeter\html-report'
2025-06-03 12:22:05,370 INFO o.a.j.s.FileServer: Default base='D:\米帝信息科技\病种库相关\BZK_NEW\项目文档\03-测试文档'
2025-06-03 12:22:05,371 INFO o.a.j.s.FileServer: Set new base='D:\米帝信息科技\病种库相关\BZK_NEW\项目文档\03-测试文档'
2025-06-03 12:22:05,554 INFO o.a.j.s.SaveService: Testplan (JMX) version: 2.2. Testlog (JTL) version: 2.2
2025-06-03 12:22:05,567 INFO o.a.j.s.SaveService: Using SaveService properties file encoding UTF-8
2025-06-03 12:22:05,574 INFO o.a.j.s.SaveService: Using SaveService properties version 5.0
2025-06-03 12:22:05,584 INFO o.a.j.s.SaveService: Loading file: BZK性能测试.jmx
2025-06-03 12:22:05,663 INFO o.a.j.p.h.c.CookieManager: Settings: Delete null: true Check: true Allow variable: true Save: false Prefix: COOKIE_
2025-06-03 12:22:05,699 INFO o.a.j.p.h.s.HTTPSamplerBase: Parser for text/html is org.apache.jmeter.protocol.http.parser.LagartoBasedHtmlParser
2025-06-03 12:22:05,699 INFO o.a.j.p.h.s.HTTPSamplerBase: Parser for application/xhtml+xml is org.apache.jmeter.protocol.http.parser.LagartoBasedHtmlParser
2025-06-03 12:22:05,699 INFO o.a.j.p.h.s.HTTPSamplerBase: Parser for application/xml is org.apache.jmeter.protocol.http.parser.LagartoBasedHtmlParser
2025-06-03 12:22:05,699 INFO o.a.j.p.h.s.HTTPSamplerBase: Parser for text/xml is org.apache.jmeter.protocol.http.parser.LagartoBasedHtmlParser
2025-06-03 12:22:05,699 INFO o.a.j.p.h.s.HTTPSamplerBase: Parser for text/vnd.wap.wml is org.apache.jmeter.protocol.http.parser.RegexpHTMLParser
2025-06-03 12:22:05,699 INFO o.a.j.p.h.s.HTTPSamplerBase: Parser for text/css is org.apache.jmeter.protocol.http.parser.CssParser
2025-06-03 12:22:06,101 INFO o.a.j.JMeter: Creating summariser <summary>
2025-06-03 12:22:06,108 INFO o.a.j.r.d.ReportGenerator: ReportGenerator will use for Parsing the separator: ','
2025-06-03 12:22:06,108 INFO o.a.j.r.d.ReportGenerator: Will generate report at end of test from  results file: TestResults/JMeter/results.jtl
2025-06-03 12:22:06,108 INFO o.a.j.r.d.ReportGenerator: Reading report generator properties from: D:\tools\apache-jmeter-5.6.3\bin\reportgenerator.properties
2025-06-03 12:22:06,109 INFO o.a.j.r.d.ReportGenerator: Merging with JMeter properties
2025-06-03 12:22:06,115 INFO o.a.j.r.c.ReportGeneratorConfiguration: Property 'jmeter.reportgenerator.temp_dir' not found, using default value 'temp' instead.
2025-06-03 12:22:06,119 INFO o.a.j.r.c.ReportGeneratorConfiguration: Property 'jmeter.reportgenerator.apdex_per_transaction' not found, using default value 'null' instead.
2025-06-03 12:22:06,119 INFO o.a.j.r.c.ReportGeneratorConfiguration: apdex_per_transaction is empty, not APDEX per transaction customization
2025-06-03 12:22:06,119 INFO o.a.j.r.c.ReportGeneratorConfiguration: Property 'jmeter.reportgenerator.sample_filter' not found, using default value 'null' instead.
2025-06-03 12:22:06,119 INFO o.a.j.r.c.ReportGeneratorConfiguration: Property 'jmeter.reportgenerator.report_title' not found, using default value 'null' instead.
2025-06-03 12:22:06,119 INFO o.a.j.r.c.ReportGeneratorConfiguration: Property 'jmeter.reportgenerator.start_date' not found, using default value 'null' instead.
2025-06-03 12:22:06,119 INFO o.a.j.r.c.ReportGeneratorConfiguration: Property 'jmeter.reportgenerator.end_date' not found, using default value 'null' instead.
2025-06-03 12:22:06,120 INFO o.a.j.r.c.ReportGeneratorConfiguration: Property 'jmeter.reportgenerator.date_format' not found, using default value 'null' instead.
2025-06-03 12:22:06,120 INFO o.a.j.r.c.ReportGeneratorConfiguration: Will use date range start date: null, end date: null
2025-06-03 12:22:06,125 INFO o.a.j.r.c.ReportGeneratorConfiguration: Property 'jmeter.reportgenerator.graph.totalTPS.exclude_controllers' not found, using default value 'false' instead.
2025-06-03 12:22:06,126 INFO o.a.j.r.c.ReportGeneratorConfiguration: Property 'jmeter.reportgenerator.graph.activeThreadsOverTime.exclude_controllers' not found, using default value 'false' instead.
2025-06-03 12:22:06,126 INFO o.a.j.r.c.ReportGeneratorConfiguration: Property 'jmeter.reportgenerator.graph.timeVsThreads.exclude_controllers' not found, using default value 'false' instead.
2025-06-03 12:22:06,126 INFO o.a.j.r.c.ReportGeneratorConfiguration: Property 'jmeter.reportgenerator.graph.responseTimeDistribution.exclude_controllers' not found, using default value 'false' instead.
2025-06-03 12:22:06,126 INFO o.a.j.r.c.ReportGeneratorConfiguration: Property 'jmeter.reportgenerator.graph.transactionsPerSecond.exclude_controllers' not found, using default value 'false' instead.
2025-06-03 12:22:06,126 INFO o.a.j.r.c.ReportGeneratorConfiguration: Property 'jmeter.reportgenerator.graph.responseTimePercentiles.exclude_controllers' not found, using default value 'false' instead.
2025-06-03 12:22:06,126 INFO o.a.j.r.c.ReportGeneratorConfiguration: Property 'jmeter.reportgenerator.graph.responseTimePercentilesOverTime.exclude_controllers' not found, using default value 'false' instead.
2025-06-03 12:22:06,126 INFO o.a.j.r.c.ReportGeneratorConfiguration: Property 'jmeter.reportgenerator.graph.responseTimesOverTime.exclude_controllers' not found, using default value 'false' instead.
2025-06-03 12:22:06,126 INFO o.a.j.r.c.ReportGeneratorConfiguration: Property 'jmeter.reportgenerator.graph.connectTimeOverTime.exclude_controllers' not found, using default value 'false' instead.
2025-06-03 12:22:06,127 INFO o.a.j.r.c.ReportGeneratorConfiguration: Property 'jmeter.reportgenerator.graph.latenciesOverTime.exclude_controllers' not found, using default value 'false' instead.
2025-06-03 12:22:06,128 INFO o.a.j.r.c.ReportGeneratorConfiguration: Property 'jmeter.reportgenerator.exporter.json.filters_only_sample_series' not found, using default value 'true' instead.
2025-06-03 12:22:06,128 INFO o.a.j.r.c.ReportGeneratorConfiguration: Property 'jmeter.reportgenerator.exporter.json.series_filter' not found, using default value '' instead.
2025-06-03 12:22:06,128 INFO o.a.j.r.c.ReportGeneratorConfiguration: Property 'jmeter.reportgenerator.exporter.json.show_controllers_only' not found, using default value 'false' instead.
2025-06-03 12:22:06,128 INFO o.a.j.r.c.ReportGeneratorConfiguration: Property 'jmeter.reportgenerator.exporter.html.filters_only_sample_series' not found, using default value 'true' instead.
2025-06-03 12:22:06,129 INFO o.a.j.r.c.ReportGeneratorConfiguration: Property 'jmeter.reportgenerator.exporter.html.series_filter' not found, using default value '' instead.
2025-06-03 12:22:06,129 INFO o.a.j.r.c.ReportGeneratorConfiguration: Property 'jmeter.reportgenerator.exporter.html.show_controllers_only' not found, using default value 'false' instead.
2025-06-03 12:22:06,139 INFO o.a.j.e.StandardJMeterEngine: Running the test!
2025-06-03 12:22:06,141 INFO o.a.j.s.SampleEvent: List of sample_variables: []
2025-06-03 12:22:06,141 INFO o.a.j.s.SampleEvent: List of sample_variables: []
2025-06-03 12:22:06,148 INFO o.a.j.e.u.CompoundVariable: Note: Function class names must contain the string: '.functions.'
2025-06-03 12:22:06,148 INFO o.a.j.e.u.CompoundVariable: Note: Function class names must not contain the string: '.gui.'
2025-06-03 12:22:06,623 INFO o.a.j.JMeter: 正在运行的测试 (1748924526623)
2025-06-03 12:22:06,670 INFO o.a.j.e.StandardJMeterEngine: Starting ThreadGroup: 1 : ?????????????
2025-06-03 12:22:06,670 INFO o.a.j.e.StandardJMeterEngine: Starting 10 threads for group ?????????????.
2025-06-03 12:22:06,670 INFO o.a.j.e.StandardJMeterEngine: Thread will continue on error
2025-06-03 12:22:06,670 INFO o.a.j.t.ThreadGroup: Starting thread group... number=1 threads=10 ramp-up=30 delayedStart=false
2025-06-03 12:22:06,683 INFO o.a.j.t.ThreadGroup: Started thread group number 1
2025-06-03 12:22:06,683 INFO o.a.j.e.StandardJMeterEngine: Starting ThreadGroup: 2 : ??????????????
2025-06-03 12:22:06,683 INFO o.a.j.e.StandardJMeterEngine: Starting 20 threads for group ??????????????.
2025-06-03 12:22:06,683 INFO o.a.j.e.StandardJMeterEngine: Thread will continue on error
2025-06-03 12:22:06,683 INFO o.a.j.t.ThreadGroup: Starting thread group... number=2 threads=20 ramp-up=60 delayedStart=false
2025-06-03 12:22:06,694 INFO o.a.j.t.ThreadGroup: Started thread group number 2
2025-06-03 12:22:06,694 INFO o.a.j.e.StandardJMeterEngine: All thread groups have been started
2025-06-03 12:22:06,707 INFO o.a.j.t.JMeterThread: Thread started: ?????????????? 2-1
2025-06-03 12:22:06,733 INFO o.a.j.t.JMeterThread: Thread started: ????????????? 1-1
2025-06-03 12:22:06,737 INFO o.a.j.s.FileServer: Stored: ${USERS_FILE}
2025-06-03 12:22:06,745 INFO o.a.j.p.h.s.HTTPHCAbstractImpl: Local host = HUAWEI-SXM
2025-06-03 12:22:06,738 ERROR o.a.j.t.JMeterThread: Test failed!
java.lang.IllegalArgumentException: Could not read file header line for file ${USERS_FILE}
	at org.apache.jmeter.services.FileServer.reserveFile(FileServer.java:283) ~[ApacheJMeter_core.jar:5.6.3]
	at org.apache.jmeter.config.CSVDataSet.initVars(CSVDataSet.java:216) ~[ApacheJMeter_components.jar:5.6.3]
	at org.apache.jmeter.config.CSVDataSet.iterationStart(CSVDataSet.java:171) ~[ApacheJMeter_components.jar:5.6.3]
	at org.apache.jmeter.control.GenericController.fireIterationStart(GenericController.java:412) ~[ApacheJMeter_core.jar:5.6.3]
	at org.apache.jmeter.control.GenericController.fireIterEvents(GenericController.java:404) ~[ApacheJMeter_core.jar:5.6.3]
	at org.apache.jmeter.control.GenericController.next(GenericController.java:170) ~[ApacheJMeter_core.jar:5.6.3]
	at org.apache.jmeter.control.LoopController.next(LoopController.java:119) ~[ApacheJMeter_core.jar:5.6.3]
	at org.apache.jmeter.threads.AbstractThreadGroup.next(AbstractThreadGroup.java:109) ~[ApacheJMeter_core.jar:5.6.3]
	at org.apache.jmeter.threads.JMeterThread.run(JMeterThread.java:266) [ApacheJMeter_core.jar:5.6.3]
	at java.lang.Thread.run(Unknown Source) [?:1.8.0_31]
Caused by: java.lang.IllegalArgumentException: File ${USERS_FILE} must exist and be readable
	at org.apache.jmeter.services.FileServer.createBufferedReader(FileServer.java:424) ~[ApacheJMeter_core.jar:5.6.3]
	at org.apache.jmeter.services.FileServer.readLine(FileServer.java:340) ~[ApacheJMeter_core.jar:5.6.3]
	at org.apache.jmeter.services.FileServer.readLine(FileServer.java:324) ~[ApacheJMeter_core.jar:5.6.3]
	at org.apache.jmeter.services.FileServer.reserveFile(FileServer.java:272) ~[ApacheJMeter_core.jar:5.6.3]
	... 9 more
2025-06-03 12:22:06,747 INFO o.a.j.t.JMeterThread: Thread finished: ????????????? 1-1
2025-06-03 12:22:06,754 INFO o.a.j.p.h.s.HTTPHC4Impl: HTTP request retry count = 0
2025-06-03 12:22:06,756 INFO o.a.j.s.SampleResult: Note: Sample TimeStamps are START times
2025-06-03 12:22:06,757 INFO o.a.j.s.SampleResult: sampleresult.default.encoding is set to UTF-8
2025-06-03 12:22:06,757 INFO o.a.j.s.SampleResult: sampleresult.useNanoTime=true
2025-06-03 12:22:06,757 INFO o.a.j.s.SampleResult: sampleresult.nanoThreadSleep=5000
2025-06-03 12:22:06,859 INFO o.a.j.t.JMeterThread: Thread is done: ?????????????? 2-1
2025-06-03 12:22:06,859 INFO o.a.j.t.JMeterThread: Thread finished: ?????????????? 2-1
2025-06-03 12:22:09,712 INFO o.a.j.t.JMeterThread: Thread started: ?????????????? 2-2
2025-06-03 12:22:09,716 INFO o.a.j.t.JMeterThread: Thread is done: ?????????????? 2-2
2025-06-03 12:22:09,716 INFO o.a.j.t.JMeterThread: Thread finished: ?????????????? 2-2
2025-06-03 12:22:09,724 INFO o.a.j.t.JMeterThread: Thread started: ????????????? 1-2
2025-06-03 12:22:09,724 ERROR o.a.j.t.JMeterThread: Test failed!
java.lang.IllegalArgumentException: Could not read file header line for file ${USERS_FILE}
	at org.apache.jmeter.services.FileServer.reserveFile(FileServer.java:283) ~[ApacheJMeter_core.jar:5.6.3]
	at org.apache.jmeter.config.CSVDataSet.initVars(CSVDataSet.java:216) ~[ApacheJMeter_components.jar:5.6.3]
	at org.apache.jmeter.config.CSVDataSet.iterationStart(CSVDataSet.java:171) ~[ApacheJMeter_components.jar:5.6.3]
	at org.apache.jmeter.control.GenericController.fireIterationStart(GenericController.java:412) ~[ApacheJMeter_core.jar:5.6.3]
	at org.apache.jmeter.control.GenericController.fireIterEvents(GenericController.java:404) ~[ApacheJMeter_core.jar:5.6.3]
	at org.apache.jmeter.control.GenericController.next(GenericController.java:170) ~[ApacheJMeter_core.jar:5.6.3]
	at org.apache.jmeter.control.LoopController.next(LoopController.java:119) ~[ApacheJMeter_core.jar:5.6.3]
	at org.apache.jmeter.threads.AbstractThreadGroup.next(AbstractThreadGroup.java:109) ~[ApacheJMeter_core.jar:5.6.3]
	at org.apache.jmeter.threads.JMeterThread.run(JMeterThread.java:266) [ApacheJMeter_core.jar:5.6.3]
	at java.lang.Thread.run(Unknown Source) [?:1.8.0_31]
Caused by: java.lang.IllegalArgumentException: File ${USERS_FILE} must exist and be readable
	at org.apache.jmeter.services.FileServer.createBufferedReader(FileServer.java:424) ~[ApacheJMeter_core.jar:5.6.3]
	at org.apache.jmeter.services.FileServer.readLine(FileServer.java:340) ~[ApacheJMeter_core.jar:5.6.3]
	at org.apache.jmeter.services.FileServer.readLine(FileServer.java:324) ~[ApacheJMeter_core.jar:5.6.3]
	at org.apache.jmeter.services.FileServer.reserveFile(FileServer.java:272) ~[ApacheJMeter_core.jar:5.6.3]
	... 9 more
2025-06-03 12:22:09,724 INFO o.a.j.t.JMeterThread: Thread finished: ????????????? 1-2
2025-06-03 12:22:12,706 INFO o.a.j.t.JMeterThread: Thread started: ?????????????? 2-3
2025-06-03 12:22:12,715 INFO o.a.j.t.JMeterThread: Thread is done: ?????????????? 2-3
2025-06-03 12:22:12,715 INFO o.a.j.t.JMeterThread: Thread finished: ?????????????? 2-3
2025-06-03 12:22:12,726 INFO o.a.j.t.JMeterThread: Thread started: ????????????? 1-3
2025-06-03 12:22:12,726 ERROR o.a.j.t.JMeterThread: Test failed!
java.lang.IllegalArgumentException: Could not read file header line for file ${USERS_FILE}
	at org.apache.jmeter.services.FileServer.reserveFile(FileServer.java:283) ~[ApacheJMeter_core.jar:5.6.3]
	at org.apache.jmeter.config.CSVDataSet.initVars(CSVDataSet.java:216) ~[ApacheJMeter_components.jar:5.6.3]
	at org.apache.jmeter.config.CSVDataSet.iterationStart(CSVDataSet.java:171) ~[ApacheJMeter_components.jar:5.6.3]
	at org.apache.jmeter.control.GenericController.fireIterationStart(GenericController.java:412) ~[ApacheJMeter_core.jar:5.6.3]
	at org.apache.jmeter.control.GenericController.fireIterEvents(GenericController.java:404) ~[ApacheJMeter_core.jar:5.6.3]
	at org.apache.jmeter.control.GenericController.next(GenericController.java:170) ~[ApacheJMeter_core.jar:5.6.3]
	at org.apache.jmeter.control.LoopController.next(LoopController.java:119) ~[ApacheJMeter_core.jar:5.6.3]
	at org.apache.jmeter.threads.AbstractThreadGroup.next(AbstractThreadGroup.java:109) ~[ApacheJMeter_core.jar:5.6.3]
	at org.apache.jmeter.threads.JMeterThread.run(JMeterThread.java:266) [ApacheJMeter_core.jar:5.6.3]
	at java.lang.Thread.run(Unknown Source) [?:1.8.0_31]
Caused by: java.lang.IllegalArgumentException: File ${USERS_FILE} must exist and be readable
	at org.apache.jmeter.services.FileServer.createBufferedReader(FileServer.java:424) ~[ApacheJMeter_core.jar:5.6.3]
	at org.apache.jmeter.services.FileServer.readLine(FileServer.java:340) ~[ApacheJMeter_core.jar:5.6.3]
	at org.apache.jmeter.services.FileServer.readLine(FileServer.java:324) ~[ApacheJMeter_core.jar:5.6.3]
	at org.apache.jmeter.services.FileServer.reserveFile(FileServer.java:272) ~[ApacheJMeter_core.jar:5.6.3]
	... 9 more
2025-06-03 12:22:12,726 INFO o.a.j.t.JMeterThread: Thread finished: ????????????? 1-3
2025-06-03 12:22:15,704 INFO o.a.j.t.JMeterThread: Thread started: ?????????????? 2-4
2025-06-03 12:22:15,708 INFO o.a.j.t.JMeterThread: Thread is done: ?????????????? 2-4
2025-06-03 12:22:15,708 INFO o.a.j.t.JMeterThread: Thread finished: ?????????????? 2-4
2025-06-03 12:22:15,725 INFO o.a.j.t.JMeterThread: Thread started: ????????????? 1-4
2025-06-03 12:22:15,726 ERROR o.a.j.t.JMeterThread: Test failed!
java.lang.IllegalArgumentException: Could not read file header line for file ${USERS_FILE}
	at org.apache.jmeter.services.FileServer.reserveFile(FileServer.java:283) ~[ApacheJMeter_core.jar:5.6.3]
	at org.apache.jmeter.config.CSVDataSet.initVars(CSVDataSet.java:216) ~[ApacheJMeter_components.jar:5.6.3]
	at org.apache.jmeter.config.CSVDataSet.iterationStart(CSVDataSet.java:171) ~[ApacheJMeter_components.jar:5.6.3]
	at org.apache.jmeter.control.GenericController.fireIterationStart(GenericController.java:412) ~[ApacheJMeter_core.jar:5.6.3]
	at org.apache.jmeter.control.GenericController.fireIterEvents(GenericController.java:404) ~[ApacheJMeter_core.jar:5.6.3]
	at org.apache.jmeter.control.GenericController.next(GenericController.java:170) ~[ApacheJMeter_core.jar:5.6.3]
	at org.apache.jmeter.control.LoopController.next(LoopController.java:119) ~[ApacheJMeter_core.jar:5.6.3]
	at org.apache.jmeter.threads.AbstractThreadGroup.next(AbstractThreadGroup.java:109) ~[ApacheJMeter_core.jar:5.6.3]
	at org.apache.jmeter.threads.JMeterThread.run(JMeterThread.java:266) [ApacheJMeter_core.jar:5.6.3]
	at java.lang.Thread.run(Unknown Source) [?:1.8.0_31]
Caused by: java.lang.IllegalArgumentException: File ${USERS_FILE} must exist and be readable
	at org.apache.jmeter.services.FileServer.createBufferedReader(FileServer.java:424) ~[ApacheJMeter_core.jar:5.6.3]
	at org.apache.jmeter.services.FileServer.readLine(FileServer.java:340) ~[ApacheJMeter_core.jar:5.6.3]
	at org.apache.jmeter.services.FileServer.readLine(FileServer.java:324) ~[ApacheJMeter_core.jar:5.6.3]
	at org.apache.jmeter.services.FileServer.reserveFile(FileServer.java:272) ~[ApacheJMeter_core.jar:5.6.3]
	... 9 more
2025-06-03 12:22:15,726 INFO o.a.j.t.JMeterThread: Thread finished: ????????????? 1-4
2025-06-03 12:22:18,709 INFO o.a.j.t.JMeterThread: Thread started: ?????????????? 2-5
2025-06-03 12:22:18,714 INFO o.a.j.t.JMeterThread: Thread is done: ?????????????? 2-5
2025-06-03 12:22:18,714 INFO o.a.j.t.JMeterThread: Thread finished: ?????????????? 2-5
2025-06-03 12:22:18,726 INFO o.a.j.t.JMeterThread: Thread started: ????????????? 1-5
2025-06-03 12:22:18,726 ERROR o.a.j.t.JMeterThread: Test failed!
java.lang.IllegalArgumentException: Could not read file header line for file ${USERS_FILE}
	at org.apache.jmeter.services.FileServer.reserveFile(FileServer.java:283) ~[ApacheJMeter_core.jar:5.6.3]
	at org.apache.jmeter.config.CSVDataSet.initVars(CSVDataSet.java:216) ~[ApacheJMeter_components.jar:5.6.3]
	at org.apache.jmeter.config.CSVDataSet.iterationStart(CSVDataSet.java:171) ~[ApacheJMeter_components.jar:5.6.3]
	at org.apache.jmeter.control.GenericController.fireIterationStart(GenericController.java:412) ~[ApacheJMeter_core.jar:5.6.3]
	at org.apache.jmeter.control.GenericController.fireIterEvents(GenericController.java:404) ~[ApacheJMeter_core.jar:5.6.3]
	at org.apache.jmeter.control.GenericController.next(GenericController.java:170) ~[ApacheJMeter_core.jar:5.6.3]
	at org.apache.jmeter.control.LoopController.next(LoopController.java:119) ~[ApacheJMeter_core.jar:5.6.3]
	at org.apache.jmeter.threads.AbstractThreadGroup.next(AbstractThreadGroup.java:109) ~[ApacheJMeter_core.jar:5.6.3]
	at org.apache.jmeter.threads.JMeterThread.run(JMeterThread.java:266) [ApacheJMeter_core.jar:5.6.3]
	at java.lang.Thread.run(Unknown Source) [?:1.8.0_31]
Caused by: java.lang.IllegalArgumentException: File ${USERS_FILE} must exist and be readable
	at org.apache.jmeter.services.FileServer.createBufferedReader(FileServer.java:424) ~[ApacheJMeter_core.jar:5.6.3]
	at org.apache.jmeter.services.FileServer.readLine(FileServer.java:340) ~[ApacheJMeter_core.jar:5.6.3]
	at org.apache.jmeter.services.FileServer.readLine(FileServer.java:324) ~[ApacheJMeter_core.jar:5.6.3]
	at org.apache.jmeter.services.FileServer.reserveFile(FileServer.java:272) ~[ApacheJMeter_core.jar:5.6.3]
	... 9 more
2025-06-03 12:22:18,726 INFO o.a.j.t.JMeterThread: Thread finished: ????????????? 1-5
2025-06-03 12:22:21,707 INFO o.a.j.t.JMeterThread: Thread started: ?????????????? 2-6
2025-06-03 12:22:21,713 INFO o.a.j.t.JMeterThread: Thread is done: ?????????????? 2-6
2025-06-03 12:22:21,713 INFO o.a.j.t.JMeterThread: Thread finished: ?????????????? 2-6
2025-06-03 12:22:21,722 INFO o.a.j.t.JMeterThread: Thread started: ????????????? 1-6
2025-06-03 12:22:21,722 ERROR o.a.j.t.JMeterThread: Test failed!
java.lang.IllegalArgumentException: Could not read file header line for file ${USERS_FILE}
	at org.apache.jmeter.services.FileServer.reserveFile(FileServer.java:283) ~[ApacheJMeter_core.jar:5.6.3]
	at org.apache.jmeter.config.CSVDataSet.initVars(CSVDataSet.java:216) ~[ApacheJMeter_components.jar:5.6.3]
	at org.apache.jmeter.config.CSVDataSet.iterationStart(CSVDataSet.java:171) ~[ApacheJMeter_components.jar:5.6.3]
	at org.apache.jmeter.control.GenericController.fireIterationStart(GenericController.java:412) ~[ApacheJMeter_core.jar:5.6.3]
	at org.apache.jmeter.control.GenericController.fireIterEvents(GenericController.java:404) ~[ApacheJMeter_core.jar:5.6.3]
	at org.apache.jmeter.control.GenericController.next(GenericController.java:170) ~[ApacheJMeter_core.jar:5.6.3]
	at org.apache.jmeter.control.LoopController.next(LoopController.java:119) ~[ApacheJMeter_core.jar:5.6.3]
	at org.apache.jmeter.threads.AbstractThreadGroup.next(AbstractThreadGroup.java:109) ~[ApacheJMeter_core.jar:5.6.3]
	at org.apache.jmeter.threads.JMeterThread.run(JMeterThread.java:266) [ApacheJMeter_core.jar:5.6.3]
	at java.lang.Thread.run(Unknown Source) [?:1.8.0_31]
Caused by: java.lang.IllegalArgumentException: File ${USERS_FILE} must exist and be readable
	at org.apache.jmeter.services.FileServer.createBufferedReader(FileServer.java:424) ~[ApacheJMeter_core.jar:5.6.3]
	at org.apache.jmeter.services.FileServer.readLine(FileServer.java:340) ~[ApacheJMeter_core.jar:5.6.3]
	at org.apache.jmeter.services.FileServer.readLine(FileServer.java:324) ~[ApacheJMeter_core.jar:5.6.3]
	at org.apache.jmeter.services.FileServer.reserveFile(FileServer.java:272) ~[ApacheJMeter_core.jar:5.6.3]
	... 9 more
2025-06-03 12:22:21,722 INFO o.a.j.t.JMeterThread: Thread finished: ????????????? 1-6
2025-06-03 12:22:24,706 INFO o.a.j.t.JMeterThread: Thread started: ?????????????? 2-7
2025-06-03 12:22:24,709 INFO o.a.j.t.JMeterThread: Thread is done: ?????????????? 2-7
2025-06-03 12:22:24,709 INFO o.a.j.t.JMeterThread: Thread finished: ?????????????? 2-7
2025-06-03 12:22:24,723 INFO o.a.j.t.JMeterThread: Thread started: ????????????? 1-7
2025-06-03 12:22:24,723 ERROR o.a.j.t.JMeterThread: Test failed!
java.lang.IllegalArgumentException: Could not read file header line for file ${USERS_FILE}
	at org.apache.jmeter.services.FileServer.reserveFile(FileServer.java:283) ~[ApacheJMeter_core.jar:5.6.3]
	at org.apache.jmeter.config.CSVDataSet.initVars(CSVDataSet.java:216) ~[ApacheJMeter_components.jar:5.6.3]
	at org.apache.jmeter.config.CSVDataSet.iterationStart(CSVDataSet.java:171) ~[ApacheJMeter_components.jar:5.6.3]
	at org.apache.jmeter.control.GenericController.fireIterationStart(GenericController.java:412) ~[ApacheJMeter_core.jar:5.6.3]
	at org.apache.jmeter.control.GenericController.fireIterEvents(GenericController.java:404) ~[ApacheJMeter_core.jar:5.6.3]
	at org.apache.jmeter.control.GenericController.next(GenericController.java:170) ~[ApacheJMeter_core.jar:5.6.3]
	at org.apache.jmeter.control.LoopController.next(LoopController.java:119) ~[ApacheJMeter_core.jar:5.6.3]
	at org.apache.jmeter.threads.AbstractThreadGroup.next(AbstractThreadGroup.java:109) ~[ApacheJMeter_core.jar:5.6.3]
	at org.apache.jmeter.threads.JMeterThread.run(JMeterThread.java:266) [ApacheJMeter_core.jar:5.6.3]
	at java.lang.Thread.run(Unknown Source) [?:1.8.0_31]
Caused by: java.lang.IllegalArgumentException: File ${USERS_FILE} must exist and be readable
	at org.apache.jmeter.services.FileServer.createBufferedReader(FileServer.java:424) ~[ApacheJMeter_core.jar:5.6.3]
	at org.apache.jmeter.services.FileServer.readLine(FileServer.java:340) ~[ApacheJMeter_core.jar:5.6.3]
	at org.apache.jmeter.services.FileServer.readLine(FileServer.java:324) ~[ApacheJMeter_core.jar:5.6.3]
	at org.apache.jmeter.services.FileServer.reserveFile(FileServer.java:272) ~[ApacheJMeter_core.jar:5.6.3]
	... 9 more
2025-06-03 12:22:24,723 INFO o.a.j.t.JMeterThread: Thread finished: ????????????? 1-7
2025-06-03 12:22:27,712 INFO o.a.j.t.JMeterThread: Thread started: ?????????????? 2-8
2025-06-03 12:22:27,716 INFO o.a.j.t.JMeterThread: Thread is done: ?????????????? 2-8
2025-06-03 12:22:27,716 INFO o.a.j.t.JMeterThread: Thread finished: ?????????????? 2-8
2025-06-03 12:22:27,723 INFO o.a.j.t.JMeterThread: Thread started: ????????????? 1-8
2025-06-03 12:22:27,723 ERROR o.a.j.t.JMeterThread: Test failed!
java.lang.IllegalArgumentException: Could not read file header line for file ${USERS_FILE}
	at org.apache.jmeter.services.FileServer.reserveFile(FileServer.java:283) ~[ApacheJMeter_core.jar:5.6.3]
	at org.apache.jmeter.config.CSVDataSet.initVars(CSVDataSet.java:216) ~[ApacheJMeter_components.jar:5.6.3]
	at org.apache.jmeter.config.CSVDataSet.iterationStart(CSVDataSet.java:171) ~[ApacheJMeter_components.jar:5.6.3]
	at org.apache.jmeter.control.GenericController.fireIterationStart(GenericController.java:412) ~[ApacheJMeter_core.jar:5.6.3]
	at org.apache.jmeter.control.GenericController.fireIterEvents(GenericController.java:404) ~[ApacheJMeter_core.jar:5.6.3]
	at org.apache.jmeter.control.GenericController.next(GenericController.java:170) ~[ApacheJMeter_core.jar:5.6.3]
	at org.apache.jmeter.control.LoopController.next(LoopController.java:119) ~[ApacheJMeter_core.jar:5.6.3]
	at org.apache.jmeter.threads.AbstractThreadGroup.next(AbstractThreadGroup.java:109) ~[ApacheJMeter_core.jar:5.6.3]
	at org.apache.jmeter.threads.JMeterThread.run(JMeterThread.java:266) [ApacheJMeter_core.jar:5.6.3]
	at java.lang.Thread.run(Unknown Source) [?:1.8.0_31]
Caused by: java.lang.IllegalArgumentException: File ${USERS_FILE} must exist and be readable
	at org.apache.jmeter.services.FileServer.createBufferedReader(FileServer.java:424) ~[ApacheJMeter_core.jar:5.6.3]
	at org.apache.jmeter.services.FileServer.readLine(FileServer.java:340) ~[ApacheJMeter_core.jar:5.6.3]
	at org.apache.jmeter.services.FileServer.readLine(FileServer.java:324) ~[ApacheJMeter_core.jar:5.6.3]
	at org.apache.jmeter.services.FileServer.reserveFile(FileServer.java:272) ~[ApacheJMeter_core.jar:5.6.3]
	... 9 more
2025-06-03 12:22:27,723 INFO o.a.j.t.JMeterThread: Thread finished: ????????????? 1-8
2025-06-03 12:22:30,708 INFO o.a.j.t.JMeterThread: Thread started: ?????????????? 2-9
2025-06-03 12:22:30,710 INFO o.a.j.r.Summariser: summary +     81 in 00:00:24 =    3.4/s Avg:     0 Min:     0 Max:     0 Err:    81 (100.00%) Active: 1 Started: 17 Finished: 16
2025-06-03 12:22:30,713 INFO o.a.j.t.JMeterThread: Thread is done: ?????????????? 2-9
2025-06-03 12:22:30,713 INFO o.a.j.t.JMeterThread: Thread finished: ?????????????? 2-9
2025-06-03 12:22:30,729 INFO o.a.j.t.JMeterThread: Thread started: ????????????? 1-9
2025-06-03 12:22:30,729 ERROR o.a.j.t.JMeterThread: Test failed!
java.lang.IllegalArgumentException: Could not read file header line for file ${USERS_FILE}
	at org.apache.jmeter.services.FileServer.reserveFile(FileServer.java:283) ~[ApacheJMeter_core.jar:5.6.3]
	at org.apache.jmeter.config.CSVDataSet.initVars(CSVDataSet.java:216) ~[ApacheJMeter_components.jar:5.6.3]
	at org.apache.jmeter.config.CSVDataSet.iterationStart(CSVDataSet.java:171) ~[ApacheJMeter_components.jar:5.6.3]
	at org.apache.jmeter.control.GenericController.fireIterationStart(GenericController.java:412) ~[ApacheJMeter_core.jar:5.6.3]
	at org.apache.jmeter.control.GenericController.fireIterEvents(GenericController.java:404) ~[ApacheJMeter_core.jar:5.6.3]
	at org.apache.jmeter.control.GenericController.next(GenericController.java:170) ~[ApacheJMeter_core.jar:5.6.3]
	at org.apache.jmeter.control.LoopController.next(LoopController.java:119) ~[ApacheJMeter_core.jar:5.6.3]
	at org.apache.jmeter.threads.AbstractThreadGroup.next(AbstractThreadGroup.java:109) ~[ApacheJMeter_core.jar:5.6.3]
	at org.apache.jmeter.threads.JMeterThread.run(JMeterThread.java:266) [ApacheJMeter_core.jar:5.6.3]
	at java.lang.Thread.run(Unknown Source) [?:1.8.0_31]
Caused by: java.lang.IllegalArgumentException: File ${USERS_FILE} must exist and be readable
	at org.apache.jmeter.services.FileServer.createBufferedReader(FileServer.java:424) ~[ApacheJMeter_core.jar:5.6.3]
	at org.apache.jmeter.services.FileServer.readLine(FileServer.java:340) ~[ApacheJMeter_core.jar:5.6.3]
	at org.apache.jmeter.services.FileServer.readLine(FileServer.java:324) ~[ApacheJMeter_core.jar:5.6.3]
	at org.apache.jmeter.services.FileServer.reserveFile(FileServer.java:272) ~[ApacheJMeter_core.jar:5.6.3]
	... 9 more
2025-06-03 12:22:30,730 INFO o.a.j.t.JMeterThread: Thread finished: ????????????? 1-9
2025-06-03 12:22:33,706 INFO o.a.j.t.JMeterThread: Thread started: ?????????????? 2-10
2025-06-03 12:22:33,710 INFO o.a.j.t.JMeterThread: Thread is done: ?????????????? 2-10
2025-06-03 12:22:33,710 INFO o.a.j.t.JMeterThread: Thread finished: ?????????????? 2-10
2025-06-03 12:22:33,720 INFO o.a.j.t.JMeterThread: Thread started: ????????????? 1-10
2025-06-03 12:22:33,720 ERROR o.a.j.t.JMeterThread: Test failed!
java.lang.IllegalArgumentException: Could not read file header line for file ${USERS_FILE}
	at org.apache.jmeter.services.FileServer.reserveFile(FileServer.java:283) ~[ApacheJMeter_core.jar:5.6.3]
	at org.apache.jmeter.config.CSVDataSet.initVars(CSVDataSet.java:216) ~[ApacheJMeter_components.jar:5.6.3]
	at org.apache.jmeter.config.CSVDataSet.iterationStart(CSVDataSet.java:171) ~[ApacheJMeter_components.jar:5.6.3]
	at org.apache.jmeter.control.GenericController.fireIterationStart(GenericController.java:412) ~[ApacheJMeter_core.jar:5.6.3]
	at org.apache.jmeter.control.GenericController.fireIterEvents(GenericController.java:404) ~[ApacheJMeter_core.jar:5.6.3]
	at org.apache.jmeter.control.GenericController.next(GenericController.java:170) ~[ApacheJMeter_core.jar:5.6.3]
	at org.apache.jmeter.control.LoopController.next(LoopController.java:119) ~[ApacheJMeter_core.jar:5.6.3]
	at org.apache.jmeter.threads.AbstractThreadGroup.next(AbstractThreadGroup.java:109) ~[ApacheJMeter_core.jar:5.6.3]
	at org.apache.jmeter.threads.JMeterThread.run(JMeterThread.java:266) [ApacheJMeter_core.jar:5.6.3]
	at java.lang.Thread.run(Unknown Source) [?:1.8.0_31]
Caused by: java.lang.IllegalArgumentException: File ${USERS_FILE} must exist and be readable
	at org.apache.jmeter.services.FileServer.createBufferedReader(FileServer.java:424) ~[ApacheJMeter_core.jar:5.6.3]
	at org.apache.jmeter.services.FileServer.readLine(FileServer.java:340) ~[ApacheJMeter_core.jar:5.6.3]
	at org.apache.jmeter.services.FileServer.readLine(FileServer.java:324) ~[ApacheJMeter_core.jar:5.6.3]
	at org.apache.jmeter.services.FileServer.reserveFile(FileServer.java:272) ~[ApacheJMeter_core.jar:5.6.3]
	... 9 more
2025-06-03 12:22:33,720 INFO o.a.j.t.JMeterThread: Thread finished: ????????????? 1-10
2025-06-03 12:22:36,704 INFO o.a.j.t.JMeterThread: Thread started: ?????????????? 2-11
2025-06-03 12:22:36,708 INFO o.a.j.t.JMeterThread: Thread is done: ?????????????? 2-11
2025-06-03 12:22:36,708 INFO o.a.j.t.JMeterThread: Thread finished: ?????????????? 2-11
2025-06-03 12:22:39,704 INFO o.a.j.t.JMeterThread: Thread started: ?????????????? 2-12
2025-06-03 12:22:39,707 INFO o.a.j.t.JMeterThread: Thread is done: ?????????????? 2-12
2025-06-03 12:22:39,707 INFO o.a.j.t.JMeterThread: Thread finished: ?????????????? 2-12
2025-06-03 12:22:42,712 INFO o.a.j.t.JMeterThread: Thread started: ?????????????? 2-13
2025-06-03 12:22:42,714 INFO o.a.j.t.JMeterThread: Thread is done: ?????????????? 2-13
2025-06-03 12:22:42,714 INFO o.a.j.t.JMeterThread: Thread finished: ?????????????? 2-13
2025-06-03 12:22:45,705 INFO o.a.j.t.JMeterThread: Thread started: ?????????????? 2-14
2025-06-03 12:22:45,710 INFO o.a.j.t.JMeterThread: Thread is done: ?????????????? 2-14
2025-06-03 12:22:45,710 INFO o.a.j.t.JMeterThread: Thread finished: ?????????????? 2-14
2025-06-03 12:22:48,702 INFO o.a.j.t.JMeterThread: Thread started: ?????????????? 2-15
2025-06-03 12:22:48,705 INFO o.a.j.t.JMeterThread: Thread is done: ?????????????? 2-15
2025-06-03 12:22:48,705 INFO o.a.j.t.JMeterThread: Thread finished: ?????????????? 2-15
2025-06-03 12:22:51,701 INFO o.a.j.t.JMeterThread: Thread started: ?????????????? 2-16
2025-06-03 12:22:51,704 INFO o.a.j.t.JMeterThread: Thread is done: ?????????????? 2-16
2025-06-03 12:22:51,704 INFO o.a.j.t.JMeterThread: Thread finished: ?????????????? 2-16
2025-06-03 12:22:54,713 INFO o.a.j.t.JMeterThread: Thread started: ?????????????? 2-17
2025-06-03 12:22:54,716 INFO o.a.j.t.JMeterThread: Thread is done: ?????????????? 2-17
2025-06-03 12:22:54,717 INFO o.a.j.t.JMeterThread: Thread finished: ?????????????? 2-17
2025-06-03 12:22:57,703 INFO o.a.j.t.JMeterThread: Thread started: ?????????????? 2-18
2025-06-03 12:22:57,705 INFO o.a.j.t.JMeterThread: Thread is done: ?????????????? 2-18
2025-06-03 12:22:57,705 INFO o.a.j.t.JMeterThread: Thread finished: ?????????????? 2-18
2025-06-03 12:23:00,701 INFO o.a.j.t.JMeterThread: Thread started: ?????????????? 2-19
2025-06-03 12:23:00,703 INFO o.a.j.r.Summariser: summary +    100 in 00:00:30 =    3.3/s Avg:     0 Min:     0 Max:     0 Err:   100 (100.00%) Active: 1 Started: 29 Finished: 28
2025-06-03 12:23:00,703 INFO o.a.j.r.Summariser: summary =    181 in 00:00:54 =    3.3/s Avg:     0 Min:     0 Max:     0 Err:   181 (100.00%)
2025-06-03 12:23:00,706 INFO o.a.j.t.JMeterThread: Thread is done: ?????????????? 2-19
2025-06-03 12:23:00,706 INFO o.a.j.t.JMeterThread: Thread finished: ?????????????? 2-19
2025-06-03 12:23:03,701 INFO o.a.j.t.JMeterThread: Thread started: ?????????????? 2-20
2025-06-03 12:23:03,703 INFO o.a.j.t.JMeterThread: Thread is done: ?????????????? 2-20
2025-06-03 12:23:03,703 INFO o.a.j.t.JMeterThread: Thread finished: ?????????????? 2-20
2025-06-03 12:23:03,703 INFO o.a.j.e.StandardJMeterEngine: Notifying test listeners of end of test
2025-06-03 12:23:03,704 INFO o.a.j.r.Summariser: summary +     19 in 00:00:03 =    6.3/s Avg:     0 Min:     0 Max:     0 Err:    19 (100.00%) Active: 0 Started: 30 Finished: 30
2025-06-03 12:23:03,704 INFO o.a.j.r.Summariser: summary =    200 in 00:00:57 =    3.5/s Avg:     0 Min:     0 Max:     0 Err:   200 (100.00%)
2025-06-03 12:23:03,704 INFO o.a.j.JMeter: Generating Dashboard
2025-06-03 12:23:03,704 INFO o.a.j.r.d.ReportGenerator: Flushing result collector before report Generation
2025-06-03 12:23:03,715 INFO o.a.j.r.p.NormalizerSampleConsumer: Using format, 'ms', to parse timeStamp field
2025-06-03 12:23:04,334 INFO o.a.j.r.p.AbstractSampleConsumer: class org.apache.jmeter.report.processor.AggregateConsumer#stopProducing(): beginDate produced 0 samples
2025-06-03 12:23:04,335 INFO o.a.j.r.p.AbstractSampleConsumer: class org.apache.jmeter.report.processor.AggregateConsumer#stopProducing(): endDate produced 0 samples
2025-06-03 12:23:04,337 INFO o.a.j.r.p.AbstractSampleConsumer: class org.apache.jmeter.report.processor.ApdexSummaryConsumer#stopProducing(): apdexSummary produced 0 samples
2025-06-03 12:23:04,338 INFO o.a.j.r.p.AbstractSampleConsumer: class org.apache.jmeter.report.processor.RequestsSummaryConsumer#stopProducing(): requestsSummary produced 0 samples
2025-06-03 12:23:04,344 INFO o.a.j.r.p.AbstractSampleConsumer: class org.apache.jmeter.report.processor.StatisticsSummaryConsumer#stopProducing(): statisticsSummary produced 0 samples
2025-06-03 12:23:04,347 INFO o.a.j.r.p.AbstractSampleConsumer: class org.apache.jmeter.report.processor.Top5ErrorsBySamplerConsumer#stopProducing(): top5ErrorsBySampler produced 0 samples
2025-06-03 12:23:04,347 INFO o.a.j.r.p.AbstractSampleConsumer: class org.apache.jmeter.report.processor.ErrorsSummaryConsumer#stopProducing(): errorsSummary produced 0 samples
2025-06-03 12:23:04,348 INFO o.a.j.r.p.AbstractSampleConsumer: class org.apache.jmeter.report.processor.graph.impl.HitsPerSecondGraphConsumer#stopProducing(): hitsPerSecond produced 0 samples
2025-06-03 12:23:04,369 INFO o.a.j.r.p.AbstractSampleConsumer: class org.apache.jmeter.report.processor.graph.impl.LatencyVSRequestGraphConsumer#stopProducing(): latencyVsRequest produced 0 samples
2025-06-03 12:23:04,369 INFO o.a.j.r.p.AbstractSampleConsumer: class org.apache.jmeter.report.processor.graph.impl.SyntheticResponseTimeDistributionGraphConsumer#stopProducing(): syntheticResponseTimeDistribution produced 0 samples
2025-06-03 12:23:04,369 INFO o.a.j.r.p.AbstractSampleConsumer: class org.apache.jmeter.report.processor.graph.impl.BytesThroughputGraphConsumer#stopProducing(): bytesThroughputOverTime produced 0 samples
2025-06-03 12:23:04,369 INFO o.a.j.r.p.AbstractSampleConsumer: class org.apache.jmeter.report.processor.graph.impl.CodesPerSecondGraphConsumer#stopProducing(): codesPerSecond produced 0 samples
2025-06-03 12:23:04,378 INFO o.a.j.r.p.AbstractSampleConsumer: class org.apache.jmeter.report.processor.graph.impl.ResponseTimeVSRequestGraphConsumer#stopProducing(): responseTimeVsRequest produced 0 samples
2025-06-03 12:23:04,378 INFO o.a.j.r.p.AbstractSampleConsumer: class org.apache.jmeter.report.processor.FilterConsumer#stopProducing(): startIntervalControlerFilter produced 1400 samples
2025-06-03 12:23:04,378 INFO o.a.j.r.p.AbstractSampleConsumer: class org.apache.jmeter.report.processor.graph.impl.TotalTPSGraphConsumer#stopProducing(): totalTPS produced 0 samples
2025-06-03 12:23:04,378 INFO o.a.j.r.p.AbstractSampleConsumer: class org.apache.jmeter.report.processor.graph.impl.ActiveThreadsGraphConsumer#stopProducing(): activeThreadsOverTime produced 0 samples
2025-06-03 12:23:04,378 INFO o.a.j.r.p.AbstractSampleConsumer: class org.apache.jmeter.report.processor.graph.impl.TimeVSThreadGraphConsumer#stopProducing(): timeVsThreads produced 0 samples
2025-06-03 12:23:04,378 INFO o.a.j.r.p.AbstractSampleConsumer: class org.apache.jmeter.report.processor.graph.impl.ResponseTimeDistributionGraphConsumer#stopProducing(): responseTimeDistribution produced 0 samples
2025-06-03 12:23:04,378 INFO o.a.j.r.p.AbstractSampleConsumer: class org.apache.jmeter.report.processor.graph.impl.TransactionsPerSecondGraphConsumer#stopProducing(): transactionsPerSecond produced 0 samples
2025-06-03 12:23:04,378 INFO o.a.j.r.p.AbstractSampleConsumer: class org.apache.jmeter.report.processor.graph.impl.ResponseTimePercentilesGraphConsumer#stopProducing(): responseTimePercentiles produced 0 samples
2025-06-03 12:23:04,379 INFO o.a.j.r.p.AbstractSampleConsumer: class org.apache.jmeter.report.processor.graph.impl.ResponseTimePercentilesOverTimeGraphConsumer#stopProducing(): responseTimePercentilesOverTime produced 0 samples
2025-06-03 12:23:04,381 INFO o.a.j.r.p.AbstractSampleConsumer: class org.apache.jmeter.report.processor.graph.impl.ResponseTimeOverTimeGraphConsumer#stopProducing(): responseTimesOverTime produced 0 samples
2025-06-03 12:23:04,381 INFO o.a.j.r.p.AbstractSampleConsumer: class org.apache.jmeter.report.processor.graph.impl.ConnectTimeOverTimeGraphConsumer#stopProducing(): connectTimeOverTime produced 0 samples
2025-06-03 12:23:04,381 INFO o.a.j.r.p.AbstractSampleConsumer: class org.apache.jmeter.report.processor.graph.impl.LatencyOverTimeGraphConsumer#stopProducing(): latenciesOverTime produced 0 samples
2025-06-03 12:23:04,381 INFO o.a.j.r.p.AbstractSampleConsumer: class org.apache.jmeter.report.processor.FilterConsumer#stopProducing(): nameFilter produced 3000 samples
2025-06-03 12:23:04,381 INFO o.a.j.r.p.AbstractSampleConsumer: class org.apache.jmeter.report.processor.FilterConsumer#stopProducing(): dateRangeFilter produced 600 samples
2025-06-03 12:23:04,381 INFO o.a.j.r.p.AbstractSampleConsumer: class org.apache.jmeter.report.processor.NormalizerSampleConsumer#stopProducing(): normalizer produced 200 samples
2025-06-03 12:23:04,381 INFO o.a.j.r.p.CsvFileSampleSource: produce(): 200 samples produced in 640ms on channel 0
2025-06-03 12:23:04,381 INFO o.a.j.r.d.ReportGenerator: Exporting data using exporter:'json' of className:'org.apache.jmeter.report.dashboard.JsonExporter'
2025-06-03 12:23:04,516 INFO o.a.j.r.d.JsonExporter: Found data for consumer statisticsSummary?in context
2025-06-03 12:23:04,516 INFO o.a.j.r.d.JsonExporter: Creating statistics for overall
2025-06-03 12:23:04,517 INFO o.a.j.r.d.JsonExporter: Creating statistics for other transactions
2025-06-03 12:23:04,517 INFO o.a.j.r.d.JsonExporter: Checking output folder
2025-06-03 12:23:04,518 INFO o.a.j.r.d.JsonExporter: Writing statistics JSON to D:\米帝信息科技\病种库相关\BZK_NEW\项目文档\03-测试文档\TestResults\JMeter\html-report\statistics.json
2025-06-03 12:23:04,578 INFO o.a.j.r.d.ReportGenerator: Exporting data using exporter:'html' of className:'org.apache.jmeter.report.dashboard.HtmlTemplateExporter'
2025-06-03 12:23:04,582 INFO o.a.j.r.d.HtmlTemplateExporter: Will generate dashboard in folder: D:\米帝信息科技\病种库相关\BZK_NEW\项目文档\03-测试文档\TestResults\JMeter\html-report
2025-06-03 12:23:04,740 INFO o.a.j.r.d.HtmlTemplateExporter: Report will be generated in: D:\米帝信息科技\病种库相关\BZK_NEW\项目文档\03-测试文档\TestResults\JMeter\html-report, creating folder structure
2025-06-03 12:23:04,745 INFO o.a.j.r.d.TemplateVisitor: Copying folder from 'D:\tools\apache-jmeter-5.6.3\bin\report-template' to 'D:\米帝信息科技\病种库相关\BZK_NEW\项目文档\03-测试文档\TestResults\JMeter\html-report', got message: D:\米帝信息科技\病种库相关\BZK_NEW\项目文档\03-测试文档\TestResults\JMeter\html-report, found non empty folder with following content [D:\米帝信息科技\病种库相关\BZK_NEW\项目文档\03-测试文档\TestResults\JMeter\html-report\statistics.json], will be ignored
2025-06-03 12:23:05,137 INFO o.a.j.JMeter: Dashboard generated
